[2023-04-27 14:13:55.375] info: 	Request Login Admin : {"username":"admin","password":"admin123"}
[2023-04-27 14:13:55.379] info: 	Processing Login Admin : Checking data login...
[2023-04-27 14:13:55.441] info: 	Processing Login Admin : Comparing password...
[2023-04-27 14:13:55.517] warn: 	Response Login Admin : {"code":"403","message":"Wrong password","data":{}}
[2023-04-27 14:14:00.268] info: 	Request Login Admin : {"username":"admin","password":"admin"}
[2023-04-27 14:14:00.270] warn: 	Response Login Admin : {"code":"400","message":"Password atleast 6 characters","data":{}}
[2023-04-27 14:14:08.018] info: 	Request Login Admin : {"username":"admin","password":"123456"}
[2023-04-27 14:14:08.018] info: 	Processing Login Admin : Checking data login...
[2023-04-27 14:14:08.022] info: 	Processing Login Admin : Comparing password...
[2023-04-27 14:14:08.098] warn: 	Response Login Admin : {"code":"403","message":"Wrong password","data":{}}
[2023-04-27 14:14:14.117] info: 	Request Login Admin : {"username":"admin","password":"123456"}
[2023-04-27 14:14:14.118] info: 	Processing Login Admin : Checking data login...
[2023-04-27 14:14:14.120] info: 	Processing Login Admin : Comparing password...
[2023-04-27 14:14:14.190] warn: 	Response Login Admin : {"code":"403","message":"Wrong password","data":{}}
[2023-04-27 14:14:27.981] info: 	Request Login Admin : {"username":"admin","password":"admin123"}
[2023-04-27 14:14:27.982] info: 	Processing Login Admin : Checking data login...
[2023-04-27 14:14:27.984] info: 	Processing Login Admin : Comparing password...
[2023-04-27 14:14:28.053] warn: 	Response Login Admin : {"code":"403","message":"Wrong password","data":{}}
[2023-04-27 14:14:37.485] info: 	Request Login Admin : {"username":"admin","password":"123456"}
[2023-04-27 14:14:37.486] info: 	Processing Login Admin : Checking data login...
[2023-04-27 14:14:37.488] info: 	Processing Login Admin : Comparing password...
[2023-04-27 14:14:37.567] warn: 	Response Login Admin : {"code":"403","message":"Wrong password","data":{}}
[2023-04-27 14:14:54.567] info: 	Request Login Admin : {"username":"admin","password":"admin712"}
[2023-04-27 14:14:54.568] info: 	Processing Login Admin : Checking data login...
[2023-04-27 14:14:54.571] info: 	Processing Login Admin : Comparing password...
[2023-04-27 14:14:54.642] warn: 	Response Login Admin : {"code":"403","message":"Wrong password","data":{}}
[2023-04-27 14:14:59.598] info: 	Request Login Admin : {"username":"admin","password":"galau712"}
[2023-04-27 14:14:59.599] info: 	Processing Login Admin : Checking data login...
[2023-04-27 14:14:59.602] info: 	Processing Login Admin : Comparing password...
[2023-04-27 14:14:59.676] warn: 	Response Login Admin : {"code":"403","message":"Wrong password","data":{}}
[2023-04-27 14:15:18.613] info: 	Request Login Admin : {"username":"admin","password":"asd123"}
[2023-04-27 14:15:18.614] info: 	Processing Login Admin : Checking data login...
[2023-04-27 14:15:18.617] info: 	Processing Login Admin : Comparing password...
[2023-04-27 14:15:18.687] warn: 	Response Login Admin : {"code":"403","message":"Wrong password","data":{}}
[2023-04-27 14:19:26.127] info: 	Request Login Admin : {"username":"admin","password":"admin1"}
[2023-04-27 14:19:26.128] info: 	Processing Login Admin : Checking data login...
[2023-04-27 14:19:26.133] info: 	Processing Login Admin : Comparing password...
[2023-04-27 14:19:26.204] warn: 	Response Login Admin : {"code":"403","message":"Wrong password","data":{}}
[2023-04-27 14:19:34.218] info: 	Request Login Admin : {"username":"admin","password":"asdasd"}
[2023-04-27 14:19:34.218] info: 	Processing Login Admin : Checking data login...
[2023-04-27 14:19:34.221] info: 	Processing Login Admin : Comparing password...
[2023-04-27 14:19:34.300] warn: 	Response Login Admin : {"code":"403","message":"Wrong password","data":{}}
[2023-04-27 14:19:39.078] info: 	Request Login Admin : {"username":"admin","password":"123asd"}
[2023-04-27 14:19:39.079] info: 	Processing Login Admin : Checking data login...
[2023-04-27 14:19:39.081] info: 	Processing Login Admin : Comparing password...
[2023-04-27 14:19:39.152] warn: 	Response Login Admin : {"code":"403","message":"Wrong password","data":{}}
[2023-04-27 14:20:40.229] info: 	Request register : {"mid":"9"}
[2023-04-27 14:20:40.229] warn: 	Response Register : {"code":"400","message":"Username is required!","data":{}}
[2023-04-27 14:20:41.531] info: 	Request register : {"mid":"9"}
[2023-04-27 14:20:41.532] warn: 	Response Register : {"code":"400","message":"Username is required!","data":{}}
[2023-04-27 14:20:50.480] info: 	Request register : {"username":"admin2"}
[2023-04-27 14:20:50.481] warn: 	Response Register : {"code":"400","message":"Password is required!","data":{}}
[2023-04-27 14:21:05.519] info: 	Request register : {"username":"admin2","password":"123456"}
[2023-04-27 14:21:05.520] warn: 	Response Register : {"code":"400","message":"Email is required","data":{}}
[2023-04-27 14:21:16.573] info: 	Request register : {"username":"admin2","password":"123456","email":"admin2@gmail.com"}
[2023-04-27 14:21:16.574] warn: 	Response Register : {"code":"400","message":"Phone number is required","data":{}}
[2023-04-27 14:21:41.299] info: 	Request register : {"username":"admin2","password":"123456","email":"admin2@gmail.com","phone":"021"}
[2023-04-27 14:21:41.300] warn: 	Response Register : {"code":"400","message":"At least 12 digits phone numbers","data":{}}
[2023-04-27 14:21:51.425] info: 	Request register : {"username":"admin2","password":"123456","email":"admin2@gmail.com","phone":"122112211221"}
[2023-04-27 14:21:51.426] info: 	Processing Register : Checking data login
[2023-04-27 14:21:51.429] info: 	Processing Register : Encrypting password
[2023-04-27 14:21:51.501] info: 	Processing Register : Inserting data
[2023-04-27 14:21:51.514] info: 	Response Register : {"code":"00","message":"Register successfully, please login","data":"INSERT"}
[2023-04-27 14:22:42.048] info: 	Request Add Admim : [object Object]
[2023-04-27 14:22:42.048] info: 	Processing add admin : Checking data admin...
[2023-04-27 14:22:42.051] info: 	Processing Register Admin : Encrypting password
[2023-04-27 14:22:42.120] info: 	Processing Register : Inserting data
[2023-04-27 14:22:42.124] info: 	Response Register : {"code":"00","message":"Register successfully, please login","data":"INSERT"}
[2023-04-27 14:22:54.900] info: 	Request Login Admin : {"username":"admin2","password":"123456"}
[2023-04-27 14:22:54.901] info: 	Processing Login Admin : Checking data login...
[2023-04-27 14:22:54.904] info: 	Processing Login Admin : Comparing password...
[2023-04-27 14:22:54.975] info: 	Processing Login : Generating access token...
[2023-04-27 14:22:54.984] info: 	Processing Login : Generating refresh token...
[2023-04-27 14:22:54.987] debug: 	Processing Login : Inserting access token and refresh token...
