[2023-05-22 11:39:38.671] info: 	Request Login Admin : {"username":"admin","password":"123"}
[2023-05-22 11:39:38.679] warn: 	Response Login Admin : {"code":"400","message":"Password atleast 6 characters","data":{}}
[2023-05-22 11:39:44.914] info: 	Request Login Admin : {"username":"admin","password":"galau712"}
[2023-05-22 11:39:44.916] info: 	Processing Login Admin : Checking data login...
[2023-05-22 11:39:45.160] info: 	Processing Login Admin : Comparing password...
[2023-05-22 11:39:45.317] warn: 	Response Login Admin : {"code":"403","message":"Wrong password","data":{}}
[2023-05-22 11:39:50.862] info: 	Request Login Admin : {"username":"admin","password":"admin123"}
[2023-05-22 11:39:50.863] info: 	Processing Login Admin : Checking data login...
[2023-05-22 11:39:50.871] info: 	Processing Login Admin : Comparing password...
[2023-05-22 11:39:51.025] warn: 	Response Login Admin : {"code":"403","message":"Wrong password","data":{}}
[2023-05-22 11:39:58.179] info: 	Request Login Admin : {"username":"admin","password":"123456"}
[2023-05-22 11:39:58.181] info: 	Processing Login Admin : Checking data login...
[2023-05-22 11:39:58.184] info: 	Processing Login Admin : Comparing password...
[2023-05-22 11:39:58.344] warn: 	Response Login Admin : {"code":"403","message":"Wrong password","data":{}}
[2023-05-22 11:40:47.075] info: 	Request Login Admin : {"username":"admin2","password":"123456"}
[2023-05-22 11:40:47.076] info: 	Processing Login Admin : Checking data login...
[2023-05-22 11:40:47.081] info: 	Processing Login Admin : Comparing password...
[2023-05-22 11:40:47.156] info: 	Processing Login : Generating access token...
[2023-05-22 11:40:47.167] info: 	Processing Login : Generating refresh token...
[2023-05-22 11:40:47.169] debug: 	Processing Login : Inserting access token and refresh token...
