[2023-04-06 10:44:41.494] info: 	Request Update Product : {"name":"Tes updates","stock":"10","price":"1000","description":"Tes Update"}
[2023-04-06 10:44:41.774] error: 	Response products : Undefined binding(s) detected when compiling FIRST. Undefined column(s): [id] query: select * from "products" where "id" = ? limit ?
[2023-04-06 10:44:56.704] info: 	Request Update Product : {"id":"2"}
[2023-04-06 10:44:56.707] error: 	Response products : Undefined binding(s) detected when compiling FIRST. Undefined column(s): [id] query: select * from "products" where "id" = ? limit ?
[2023-04-06 10:45:07.609] info: 	Request Update Product : {"id":"2"}
[2023-04-06 10:45:07.612] error: 	Response products : Undefined binding(s) detected when compiling FIRST. Undefined column(s): [id] query: select * from "products" where "id" = ? limit ?
[2023-04-06 10:45:40.967] info: 	Request Update Product : {"id":"2"}
[2023-04-06 10:45:41.091] error: 	Response products : Undefined binding(s) detected when compiling FIRST. Undefined column(s): [id] query: select * from "products" where "id" = ? limit ?
[2023-04-06 10:46:44.648] info: 	Request Update Product : {"id":"2"}
[2023-04-06 10:46:44.713] error: 	Response products : Undefined binding(s) detected when compiling FIRST. Undefined column(s): [id] query: select * from "products" where "id" = ? limit ?
[2023-04-06 10:47:16.042] info: 	Request Delete Product : {"id":"2"}
[2023-04-06 10:47:16.163] debug: 	Processing products : deleting data...
[2023-04-06 10:47:16.179] info: 	Response Delete Products : {"code":"00","message":"Delete Product Successfully"}
[2023-04-06 13:06:12.411] info: 	Request Login Admin : {"username":"","password":""}
[2023-04-06 13:06:12.414] warn: 	Response Login Admin : {"code":"400","message":"Username is required!","data":{}}
[2023-04-06 13:06:55.428] info: 	Request Login Admin : {"username":"","password":""}
[2023-04-06 13:06:55.429] warn: 	Response Login Admin : {"code":"400","message":"Username is required!","data":{}}
[2023-04-06 13:08:01.537] info: 	Request Login Admin : {"username":"admin","password":"123123"}
[2023-04-06 13:08:01.538] info: 	Processing Login Admin : Checking data login...
[2023-04-06 13:08:01.610] info: 	Processing Login Admin : Comparing password...
[2023-04-06 13:08:01.685] info: 	Processing Login : Generating access token...
[2023-04-06 13:08:01.694] info: 	Processing Login : Generating refresh token...
[2023-04-06 13:08:01.696] debug: 	Processing Login : Inserting access token and refresh token...
[2023-04-06 13:08:59.361] info: 	Request Login Admin : {"username":"admin","password":"123123"}
[2023-04-06 13:08:59.361] info: 	Processing Login Admin : Checking data login...
[2023-04-06 13:08:59.364] info: 	Processing Login Admin : Comparing password...
[2023-04-06 13:08:59.433] info: 	Processing Login : Generating access token...
[2023-04-06 13:08:59.436] info: 	Processing Login : Generating refresh token...
[2023-04-06 13:08:59.438] debug: 	Processing Login : Inserting access token and refresh token...
[2023-04-06 13:13:39.952] info: 	Request Login Admin : {"username":"","password":""}
[2023-04-06 13:13:39.953] warn: 	Response Login Admin : {"code":"400","message":"Username is required!","data":{}}
[2023-04-06 13:13:41.993] info: 	Request Login Admin : {"username":"","password":""}
[2023-04-06 13:13:41.994] warn: 	Response Login Admin : {"code":"400","message":"Username is required!","data":{}}
[2023-04-06 13:13:43.777] info: 	Request Login Admin : {"username":"","password":""}
[2023-04-06 13:13:43.779] warn: 	Response Login Admin : {"code":"400","message":"Username is required!","data":{}}
[2023-04-06 13:13:53.477] info: 	Request Login Admin : {"username":"","password":""}
[2023-04-06 13:13:53.478] warn: 	Response Login Admin : {"code":"400","message":"Username is required!","data":{}}
[2023-04-06 13:14:00.508] info: 	Request Login Admin : {"username":"","password":""}
[2023-04-06 13:14:00.509] warn: 	Response Login Admin : {"code":"400","message":"Username is required!","data":{}}
[2023-04-06 13:14:14.015] info: 	Request Login Admin : {"username":"","password":""}
[2023-04-06 13:14:14.016] warn: 	Response Login Admin : {"code":"400","message":"Username is required!","data":{}}
[2023-04-06 13:14:55.008] info: 	Request Login Admin : {"username":"","password":""}
[2023-04-06 13:14:55.009] warn: 	Response Login Admin : {"code":"400","message":"Username is required!","data":{}}
[2023-04-06 13:15:15.885] info: 	Request Login Admin : {"username":"","password":""}
[2023-04-06 13:15:15.886] warn: 	Response Login Admin : {"code":"400","message":"Username is required!","data":{}}
[2023-04-06 13:15:19.636] info: 	Request Login Admin : {"username":"","password":""}
[2023-04-06 13:15:19.637] warn: 	Response Login Admin : {"code":"400","message":"Username is required!","data":{}}
[2023-04-06 13:15:21.762] info: 	Request Login Admin : {"username":"","password":""}
[2023-04-06 13:15:21.763] warn: 	Response Login Admin : {"code":"400","message":"Username is required!","data":{}}
[2023-04-06 13:15:23.178] info: 	Request Login Admin : {"username":"","password":""}
[2023-04-06 13:15:23.179] warn: 	Response Login Admin : {"code":"400","message":"Username is required!","data":{}}
[2023-04-06 13:15:36.377] info: 	Request Login Admin : {"username":"","password":""}
[2023-04-06 13:15:36.378] warn: 	Response Login Admin : {"code":"400","message":"Username is required!","data":{}}
[2023-04-06 13:16:30.665] info: 	Request Login Admin : {"username":"","password":""}
[2023-04-06 13:16:30.666] warn: 	Response Login Admin : {"code":"400","message":"Username is required!","data":{}}
[2023-04-06 13:16:32.696] info: 	Request Login Admin : {"username":"","password":""}
[2023-04-06 13:16:32.697] warn: 	Response Login Admin : {"code":"400","message":"Username is required!","data":{}}
[2023-04-06 13:21:04.547] info: 	Request Login Admin : {"username":"","password":""}
[2023-04-06 13:21:04.548] warn: 	Response Login Admin : {"code":"400","message":"Username is required!","data":{}}
[2023-04-06 13:21:34.873] info: 	Request Login Admin : {"username":"","password":""}
[2023-04-06 13:21:34.873] warn: 	Response Login Admin : {"code":"400","message":"Username is required!","data":{}}
[2023-04-06 13:27:39.063] info: 	Request Login Admin : {"username":"admin","password":"123123"}
[2023-04-06 13:27:39.064] info: 	Processing Login Admin : Checking data login...
[2023-04-06 13:27:39.068] info: 	Processing Login Admin : Comparing password...
[2023-04-06 13:27:39.137] info: 	Processing Login : Generating access token...
[2023-04-06 13:27:39.141] info: 	Processing Login : Generating refresh token...
[2023-04-06 13:27:39.144] debug: 	Processing Login : Inserting access token and refresh token...
[2023-04-06 13:27:52.845] info: 	Request Login Admin : {"username":"admin","password":"123123"}
[2023-04-06 13:27:52.846] info: 	Processing Login Admin : Checking data login...
[2023-04-06 13:27:52.849] info: 	Processing Login Admin : Comparing password...
[2023-04-06 13:27:52.919] info: 	Processing Login : Generating access token...
[2023-04-06 13:27:52.921] info: 	Processing Login : Generating refresh token...
[2023-04-06 13:27:52.923] debug: 	Processing Login : Inserting access token and refresh token...
[2023-04-06 13:28:10.892] info: 	Request Login Admin : {"username":"admin","password":"123123"}
[2023-04-06 13:28:10.893] info: 	Processing Login Admin : Checking data login...
[2023-04-06 13:28:10.897] info: 	Processing Login Admin : Comparing password...
[2023-04-06 13:28:10.966] info: 	Processing Login : Generating access token...
[2023-04-06 13:28:10.969] info: 	Processing Login : Generating refresh token...
[2023-04-06 13:28:10.971] debug: 	Processing Login : Inserting access token and refresh token...
[2023-04-06 14:14:59.863] info: 	Request Login Admin : {"username":"","password":""}
[2023-04-06 14:14:59.865] warn: 	Response Login Admin : {"code":"400","message":"Username is required!","data":{}}
[2023-04-06 14:15:34.334] info: 	Request Login Admin : {"username":"","password":""}
[2023-04-06 14:15:34.335] warn: 	Response Login Admin : {"code":"400","message":"Username is required!","data":{}}
[2023-04-06 14:26:50.452] info: 	Request Login Admin : {"username":"","password":""}
[2023-04-06 14:26:50.454] warn: 	Response Login Admin : {"code":"400","message":"Username is required!","data":{}}
[2023-04-06 14:26:56.635] info: 	Request Login Admin : {"username":"admin","password":"123123"}
[2023-04-06 14:26:56.636] info: 	Processing Login Admin : Checking data login...
[2023-04-06 14:26:56.638] info: 	Processing Login Admin : Comparing password...
[2023-04-06 14:26:56.708] info: 	Processing Login : Generating access token...
[2023-04-06 14:26:56.711] info: 	Processing Login : Generating refresh token...
[2023-04-06 14:26:56.715] debug: 	Processing Login : Inserting access token and refresh token...
[2023-04-06 14:28:12.707] info: 	Request Login Admin : {"username":"admin","password":"123123"}
[2023-04-06 14:28:12.708] info: 	Processing Login Admin : Checking data login...
[2023-04-06 14:28:12.710] info: 	Processing Login Admin : Comparing password...
[2023-04-06 14:28:12.779] info: 	Processing Login : Generating access token...
[2023-04-06 14:28:12.782] info: 	Processing Login : Generating refresh token...
[2023-04-06 14:28:12.784] debug: 	Processing Login : Inserting access token and refresh token...
