[2023-04-13 11:36:25.104] info: 	Request Login Admin : {"username":"admin","password":"123123"}
[2023-04-13 11:36:25.109] info: 	Processing Login Admin : Checking data login...
[2023-04-13 11:36:25.429] info: 	Processing Login Admin : Comparing password...
[2023-04-13 11:36:25.506] info: 	Processing Login : Generating access token...
[2023-04-13 11:36:25.515] info: 	Processing Login : Generating refresh token...
[2023-04-13 11:36:25.518] debug: 	Processing Login : Inserting access token and refresh token...
[2023-04-13 11:45:56.145] info: 	Request Login Admin : {"username":"admin","password":"123123"}
[2023-04-13 11:45:56.146] info: 	Processing Login Admin : Checking data login...
[2023-04-13 11:45:56.149] info: 	Processing Login Admin : Comparing password...
[2023-04-13 11:45:56.218] info: 	Processing Login : Generating access token...
[2023-04-13 11:45:56.222] info: 	Processing Login : Generating refresh token...
[2023-04-13 11:45:56.224] debug: 	Processing Login : Inserting access token and refresh token...
[2023-04-13 11:46:11.191] info: 	Request Login Admin : {"username":"admin","password":"123123"}
[2023-04-13 11:46:11.192] info: 	Processing Login Admin : Checking data login...
[2023-04-13 11:46:11.194] info: 	Processing Login Admin : Comparing password...
[2023-04-13 11:46:11.264] info: 	Processing Login : Generating access token...
[2023-04-13 11:46:11.267] info: 	Processing Login : Generating refresh token...
[2023-04-13 11:46:11.270] debug: 	Processing Login : Inserting access token and refresh token...
[2023-04-13 11:56:03.188] info: 	Request Login Admin : {"username":"admin","password":"123123"}
[2023-04-13 11:56:03.189] info: 	Processing Login Admin : Checking data login...
[2023-04-13 11:56:03.193] info: 	Processing Login Admin : Comparing password...
[2023-04-13 11:56:03.262] info: 	Processing Login : Generating access token...
[2023-04-13 11:56:03.265] info: 	Processing Login : Generating refresh token...
[2023-04-13 11:56:03.267] debug: 	Processing Login : Inserting access token and refresh token...
[2023-04-13 11:56:30.823] info: 	Request Login Admin : {"username":"admin","password":"123123"}
[2023-04-13 11:56:30.824] info: 	Processing Login Admin : Checking data login...
[2023-04-13 11:56:30.827] info: 	Processing Login Admin : Comparing password...
[2023-04-13 11:56:30.896] info: 	Processing Login : Generating access token...
[2023-04-13 11:56:30.900] info: 	Processing Login : Generating refresh token...
[2023-04-13 11:56:30.901] debug: 	Processing Login : Inserting access token and refresh token...
[2023-04-13 11:58:06.199] info: 	Request Login Admin : {"username":"admin","password":"123123"}
[2023-04-13 11:58:06.200] info: 	Processing Login Admin : Checking data login...
[2023-04-13 11:58:06.203] info: 	Processing Login Admin : Comparing password...
[2023-04-13 11:58:06.274] info: 	Processing Login : Generating access token...
[2023-04-13 11:58:06.277] info: 	Processing Login : Generating refresh token...
[2023-04-13 11:58:06.278] debug: 	Processing Login : Inserting access token and refresh token...
[2023-04-13 11:59:08.614] info: 	Request Login Admin : {"username":"admin","password":"123123"}
[2023-04-13 11:59:08.615] info: 	Processing Login Admin : Checking data login...
[2023-04-13 11:59:08.617] info: 	Processing Login Admin : Comparing password...
[2023-04-13 11:59:08.686] info: 	Processing Login : Generating access token...
[2023-04-13 11:59:08.688] info: 	Processing Login : Generating refresh token...
[2023-04-13 11:59:08.690] debug: 	Processing Login : Inserting access token and refresh token...
[2023-04-13 12:52:33.028] info: 	Request Login Admin : {"username":"admin","password":"123123"}
[2023-04-13 12:52:33.030] info: 	Processing Login Admin : Checking data login...
[2023-04-13 12:52:33.090] info: 	Processing Login Admin : Comparing password...
[2023-04-13 12:52:33.162] info: 	Processing Login : Generating access token...
[2023-04-13 12:52:33.168] info: 	Processing Login : Generating refresh token...
[2023-04-13 12:52:33.171] debug: 	Processing Login : Inserting access token and refresh token...
[2023-04-13 12:58:27.163] info: 	Request Login Admin : {"username":"admin","password":"123123"}
[2023-04-13 12:58:27.164] info: 	Processing Login Admin : Checking data login...
[2023-04-13 12:58:27.167] info: 	Processing Login Admin : Comparing password...
[2023-04-13 12:58:27.235] info: 	Processing Login : Generating access token...
[2023-04-13 12:58:27.238] info: 	Processing Login : Generating refresh token...
[2023-04-13 12:58:27.239] debug: 	Processing Login : Inserting access token and refresh token...
[2023-04-13 12:59:02.383] info: 	Request Login Admin : {"username":"admin","password":"123123"}
[2023-04-13 12:59:02.384] info: 	Processing Login Admin : Checking data login...
[2023-04-13 12:59:02.386] info: 	Processing Login Admin : Comparing password...
[2023-04-13 12:59:02.456] info: 	Processing Login : Generating access token...
[2023-04-13 12:59:02.459] info: 	Processing Login : Generating refresh token...
[2023-04-13 12:59:02.461] debug: 	Processing Login : Inserting access token and refresh token...
[2023-04-13 12:59:39.747] info: 	Request Login Admin : {"username":"admin","password":"123123"}
[2023-04-13 12:59:39.747] info: 	Processing Login Admin : Checking data login...
[2023-04-13 12:59:39.749] info: 	Processing Login Admin : Comparing password...
[2023-04-13 12:59:39.819] info: 	Processing Login : Generating access token...
[2023-04-13 12:59:39.823] info: 	Processing Login : Generating refresh token...
[2023-04-13 12:59:39.826] debug: 	Processing Login : Inserting access token and refresh token...
[2023-04-13 13:04:34.917] info: 	Request Login Admin : {"username":"admin","password":"123123"}
[2023-04-13 13:04:34.919] info: 	Processing Login Admin : Checking data login...
[2023-04-13 13:04:34.922] info: 	Processing Login Admin : Comparing password...
[2023-04-13 13:04:34.990] info: 	Processing Login : Generating access token...
[2023-04-13 13:04:34.993] info: 	Processing Login : Generating refresh token...
[2023-04-13 13:04:34.995] debug: 	Processing Login : Inserting access token and refresh token...
[2023-04-13 13:05:04.523] info: 	Request Login Admin : {"username":"admin","password":"123123"}
[2023-04-13 13:05:04.524] info: 	Processing Login Admin : Checking data login...
[2023-04-13 13:05:04.527] info: 	Processing Login Admin : Comparing password...
[2023-04-13 13:05:04.598] info: 	Processing Login : Generating access token...
[2023-04-13 13:05:04.600] info: 	Processing Login : Generating refresh token...
[2023-04-13 13:05:04.602] debug: 	Processing Login : Inserting access token and refresh token...
[2023-04-13 13:08:26.838] info: 	Request Login Admin : {"username":"admin","password":"123123"}
[2023-04-13 13:08:26.839] info: 	Processing Login Admin : Checking data login...
[2023-04-13 13:08:26.843] info: 	Processing Login Admin : Comparing password...
[2023-04-13 13:08:26.916] info: 	Processing Login : Generating access token...
[2023-04-13 13:08:26.919] info: 	Processing Login : Generating refresh token...
[2023-04-13 13:08:26.921] debug: 	Processing Login : Inserting access token and refresh token...
[2023-04-13 13:13:38.645] info: 	Request Login Admin : {"username":"admin","password":"123123"}
[2023-04-13 13:13:38.646] info: 	Processing Login Admin : Checking data login...
[2023-04-13 13:13:38.648] info: 	Processing Login Admin : Comparing password...
[2023-04-13 13:13:38.717] info: 	Processing Login : Generating access token...
[2023-04-13 13:13:38.721] info: 	Processing Login : Generating refresh token...
[2023-04-13 13:13:38.723] debug: 	Processing Login : Inserting access token and refresh token...
[2023-04-13 13:14:37.511] info: 	Request Login Admin : {"username":"admin","password":"123123"}
[2023-04-13 13:14:37.512] info: 	Processing Login Admin : Checking data login...
[2023-04-13 13:14:37.514] info: 	Processing Login Admin : Comparing password...
[2023-04-13 13:14:37.583] info: 	Processing Login : Generating access token...
[2023-04-13 13:14:37.585] info: 	Processing Login : Generating refresh token...
[2023-04-13 13:14:37.587] debug: 	Processing Login : Inserting access token and refresh token...
[2023-04-13 13:17:00.291] info: 	Request Login Admin : {"username":"admin","password":"123123"}
[2023-04-13 13:17:00.293] info: 	Processing Login Admin : Checking data login...
[2023-04-13 13:17:00.353] info: 	Processing Login Admin : Comparing password...
[2023-04-13 13:17:00.423] info: 	Processing Login : Generating access token...
[2023-04-13 13:17:00.433] info: 	Processing Login : Generating refresh token...
[2023-04-13 13:17:00.440] debug: 	Processing Login : Inserting access token and refresh token...
[2023-04-13 13:17:14.227] info: 	Request Login Admin : {"username":"admin","password":"123123"}
[2023-04-13 13:17:14.230] info: 	Processing Login Admin : Checking data login...
[2023-04-13 13:17:14.290] info: 	Processing Login Admin : Comparing password...
[2023-04-13 13:17:14.359] info: 	Processing Login : Generating access token...
[2023-04-13 13:17:14.367] info: 	Processing Login : Generating refresh token...
[2023-04-13 13:17:14.370] debug: 	Processing Login : Inserting access token and refresh token...
[2023-04-13 13:17:15.157] info: 	Request Login Admin : {"username":"admin","password":"123123"}
[2023-04-13 13:17:15.159] info: 	Processing Login Admin : Checking data login...
[2023-04-13 13:17:15.162] info: 	Processing Login Admin : Comparing password...
[2023-04-13 13:17:15.231] info: 	Processing Login : Generating access token...
[2023-04-13 13:17:15.234] info: 	Processing Login : Generating refresh token...
[2023-04-13 13:17:15.236] debug: 	Processing Login : Inserting access token and refresh token...
[2023-04-13 13:17:21.317] info: 	Request Login Admin : {"username":"admin","password":"123123"}
[2023-04-13 13:17:21.320] info: 	Processing Login Admin : Checking data login...
[2023-04-13 13:17:21.490] info: 	Processing Login Admin : Comparing password...
[2023-04-13 13:17:21.561] info: 	Processing Login : Generating access token...
[2023-04-13 13:17:21.570] info: 	Processing Login : Generating refresh token...
[2023-04-13 13:17:21.572] debug: 	Processing Login : Inserting access token and refresh token...
[2023-04-13 13:17:21.897] info: 	Request Login Admin : {"username":"admin","password":"123123"}
[2023-04-13 13:17:21.898] info: 	Processing Login Admin : Checking data login...
[2023-04-13 13:17:21.901] info: 	Processing Login Admin : Comparing password...
[2023-04-13 13:17:21.970] info: 	Processing Login : Generating access token...
[2023-04-13 13:17:21.973] info: 	Processing Login : Generating refresh token...
[2023-04-13 13:17:21.975] debug: 	Processing Login : Inserting access token and refresh token...
[2023-04-13 13:17:56.745] info: 	Request Login Admin : {"username":"admin","password":"123123"}
[2023-04-13 13:17:56.749] info: 	Processing Login Admin : Checking data login...
[2023-04-13 13:17:56.821] info: 	Processing Login Admin : Comparing password...
[2023-04-13 13:17:56.892] info: 	Processing Login : Generating access token...
[2023-04-13 13:17:56.899] info: 	Processing Login : Generating refresh token...
[2023-04-13 13:17:56.903] debug: 	Processing Login : Inserting access token and refresh token...
[2023-04-13 13:20:03.267] info: 	Request Login Admin : {"username":"admin","password":"123123"}
[2023-04-13 13:20:03.269] info: 	Processing Login Admin : Checking data login...
[2023-04-13 13:20:03.329] info: 	Processing Login Admin : Comparing password...
[2023-04-13 13:20:03.399] info: 	Processing Login : Generating access token...
[2023-04-13 13:20:03.405] info: 	Processing Login : Generating refresh token...
[2023-04-13 13:20:03.407] debug: 	Processing Login : Inserting access token and refresh token...
[2023-04-13 13:20:53.543] info: 	Request Login Admin : {"username":"admin","password":"123123"}
[2023-04-13 13:20:53.544] info: 	Processing Login Admin : Checking data login...
[2023-04-13 13:20:53.547] info: 	Processing Login Admin : Comparing password...
[2023-04-13 13:20:53.615] info: 	Processing Login : Generating access token...
[2023-04-13 13:20:53.618] info: 	Processing Login : Generating refresh token...
[2023-04-13 13:20:53.620] debug: 	Processing Login : Inserting access token and refresh token...
[2023-04-13 14:45:21.463] info: 	Request Login Admin : {"username":"admin","password":"123123"}
[2023-04-13 14:45:21.465] info: 	Processing Login Admin : Checking data login...
[2023-04-13 14:45:21.470] info: 	Processing Login Admin : Comparing password...
[2023-04-13 14:45:21.541] info: 	Processing Login : Generating access token...
[2023-04-13 14:45:21.544] info: 	Processing Login : Generating refresh token...
[2023-04-13 14:45:21.546] debug: 	Processing Login : Inserting access token and refresh token...
[2023-04-13 14:45:55.358] info: 	Request Login Admin : {"username":"admin","password":"123123"}
[2023-04-13 14:45:55.359] info: 	Processing Login Admin : Checking data login...
[2023-04-13 14:45:55.361] info: 	Processing Login Admin : Comparing password...
[2023-04-13 14:45:55.431] info: 	Processing Login : Generating access token...
[2023-04-13 14:45:55.433] info: 	Processing Login : Generating refresh token...
[2023-04-13 14:45:55.436] debug: 	Processing Login : Inserting access token and refresh token...
[2023-04-13 14:47:49.790] info: 	Request Login Admin : {"username":"admin","password":"123123"}
[2023-04-13 14:47:49.791] info: 	Processing Login Admin : Checking data login...
[2023-04-13 14:47:49.794] info: 	Processing Login Admin : Comparing password...
[2023-04-13 14:47:49.863] info: 	Processing Login : Generating access token...
[2023-04-13 14:47:49.866] info: 	Processing Login : Generating refresh token...
[2023-04-13 14:47:49.868] debug: 	Processing Login : Inserting access token and refresh token...
[2023-04-13 14:49:02.853] info: 	Request Login Admin : {"username":"admin","password":"123123"}
[2023-04-13 14:49:02.855] info: 	Processing Login Admin : Checking data login...
[2023-04-13 14:49:02.858] info: 	Processing Login Admin : Comparing password...
[2023-04-13 14:49:02.928] info: 	Processing Login : Generating access token...
[2023-04-13 14:49:02.930] info: 	Processing Login : Generating refresh token...
[2023-04-13 14:49:02.933] debug: 	Processing Login : Inserting access token and refresh token...
