[2023-04-14 10:56:44.568] info: 	Request Login Admin : {"username":"admin","password":"123123"}
[2023-04-14 10:56:44.573] info: 	Processing Login Admin : Checking data login...
[2023-04-14 10:56:44.723] info: 	Processing Login Admin : Comparing password...
[2023-04-14 10:56:44.800] info: 	Processing Login : Generating access token...
[2023-04-14 10:56:44.817] info: 	Processing Login : Generating refresh token...
[2023-04-14 10:56:44.820] debug: 	Processing Login : Inserting access token and refresh token...
[2023-04-14 10:57:31.347] info: 	Request Login Admin : {"username":"admin","password":"123123"}
[2023-04-14 10:57:31.348] info: 	Processing Login Admin : Checking data login...
[2023-04-14 10:57:31.351] info: 	Processing Login Admin : Comparing password...
[2023-04-14 10:57:31.421] info: 	Processing Login : Generating access token...
[2023-04-14 10:57:31.424] info: 	Processing Login : Generating refresh token...
[2023-04-14 10:57:31.427] debug: 	Processing Login : Inserting access token and refresh token...
[2023-04-14 10:58:17.021] info: 	Request Login Admin : {"username":"admin","password":"123123"}
[2023-04-14 10:58:17.022] info: 	Processing Login Admin : Checking data login...
[2023-04-14 10:58:17.024] info: 	Processing Login Admin : Comparing password...
[2023-04-14 10:58:17.092] info: 	Processing Login : Generating access token...
[2023-04-14 10:58:17.096] info: 	Processing Login : Generating refresh token...
[2023-04-14 10:58:17.098] debug: 	Processing Login : Inserting access token and refresh token...
[2023-04-14 10:58:52.226] info: 	Request Login Admin : {"username":"admin","password":"123123"}
[2023-04-14 10:58:52.226] info: 	Processing Login Admin : Checking data login...
[2023-04-14 10:58:52.229] info: 	Processing Login Admin : Comparing password...
[2023-04-14 10:58:52.298] info: 	Processing Login : Generating access token...
[2023-04-14 10:58:52.301] info: 	Processing Login : Generating refresh token...
[2023-04-14 10:58:52.303] debug: 	Processing Login : Inserting access token and refresh token...
[2023-04-14 11:00:46.057] info: 	Request Login Admin : {"username":"admin","password":"123123"}
[2023-04-14 11:00:46.057] info: 	Processing Login Admin : Checking data login...
[2023-04-14 11:00:46.060] info: 	Processing Login Admin : Comparing password...
[2023-04-14 11:00:46.129] info: 	Processing Login : Generating access token...
[2023-04-14 11:00:46.132] info: 	Processing Login : Generating refresh token...
[2023-04-14 11:00:46.134] debug: 	Processing Login : Inserting access token and refresh token...
